[0.000] [SCHEDULER] Avvio del sistema e dei thread...
[101.253] [SCHEDULER] PREEMPTING: Task NONE -> 0
[101.283] [Flight_Ctrl] STARTED
[101.337] [Flight_Ctrl] Motori aggiornati su X: 0.000000
[101.338] [Flight_Ctrl] FINISHED
[102.237] [SCHEDULER] PREEMPTING: Task 0 -> 1
[102.333] [Telemetry] STARTED
[102.337] [Telemetry] STARTED
[102.352] [TELEMETRY] Invio radio in corso...
[110.233] [SCHEDULER] PREEMPTING: Task 1 -> 0
[110.247] [Flight_Ctrl] STARTED
[110.254] [Flight_Ctrl] Motori aggiornati su X: 0.000000
[110.257] [Flight_Ctrl] FINISHED
[111.233] [SCHEDULER] PREEMPTING: Task 0 -> 1
[115.055] [Telemetry] FINISHED
[115.056] [Telemetry] FINISHED
[115.233] [SCHEDULER] PREEMPTING: Task 1 -> 2
[115.255] [Navigation] STARTED
[115.265] [Navigation] STARTED
[115.299] [NAVIGATION] Calcolo nuova rotta satellitare...
[120.233] [SCHEDULER] PREEMPTING: Task 2 -> 0
[120.252] [Flight_Ctrl] STARTED
[120.273] [Flight_Ctrl] Motori aggiornati su X: 0.000000
[120.288] [Flight_Ctrl] FINISHED
[121.233] [SCHEDULER] PREEMPTING: Task 0 -> 2
[130.236] [SCHEDULER] PREEMPTING: Task 2 -> 0
[130.264] [Flight_Ctrl] STARTED
[130.282] [Flight_Ctrl] Motori aggiornati su X: 0.000000
[130.286] [Flight_Ctrl] FINISHED
[131.233] [SCHEDULER] PREEMPTING: Task 0 -> 1
[131.340] [Telemetry] STARTED
[131.342] [Telemetry] STARTED
[131.342] [TELEMETRY] Invio radio in corso...
[140.234] [SCHEDULER] PREEMPTING: Task 1 -> 0
[140.252] [Flight_Ctrl] STARTED
[140.268] [Flight_Ctrl] Motori aggiornati su X: 0.000000
[140.272] [Flight_Ctrl] FINISHED
[141.234] [SCHEDULER] PREEMPTING: Task 0 -> 1
[142.509] [NAVIGATION] Coordinate salvate nel sistema globale.
[142.510] [Navigation] FINISHED
[142.511] [Navigation] FINISHED
[144.672] [Telemetry] FINISHED
[144.673] [Telemetry] FINISHED
[145.232] [SCHEDULER] PREEMPTING: Task 1 -> IDLE
[150.233] [SCHEDULER] PREEMPTING: Task NONE -> 0
[150.255] [Flight_Ctrl] STARTED
[150.264] [Flight_Ctrl] Motori aggiornati su X: 500.000000
[150.267] [Flight_Ctrl] FINISHED